2020-03-12 22:46:25,274:INFO: Loading the datasets...
2020-03-12 22:46:40,373:INFO: Loading the datasets...
2020-03-12 22:47:04,264:INFO: Loading the datasets...
2020-03-12 22:47:13,438:INFO: Loading the datasets...
2020-03-12 22:47:21,691:INFO: Loading the datasets...
2020-03-12 22:47:21,693:INFO: Done
2020-03-12 22:47:21,728:INFO: Starting training for 10 epoch(s)
2020-03-12 22:47:44,014:INFO: Loading the datasets...
2020-03-12 22:47:44,015:INFO: Done
2020-03-12 22:47:44,038:INFO: Starting training for 10 epoch(s)
2020-03-12 22:47:55,752:INFO: Loading the datasets...
2020-03-12 22:47:55,753:INFO: Done
2020-03-12 22:47:55,774:INFO: Starting training for 10 epoch(s)
2020-03-12 22:48:47,272:INFO: Loading the datasets...
2020-03-12 22:48:47,273:INFO: Done
2020-03-12 22:48:47,295:INFO: Starting training for 10 epoch(s)
2020-03-12 22:49:05,416:INFO: Loading the datasets...
2020-03-12 22:49:05,416:INFO: Done
2020-03-12 22:49:05,438:INFO: Starting training for 10 epoch(s)
2020-03-12 22:49:05,438:INFO: Epoch 1/10
2020-03-12 22:49:32,787:INFO: Loading the datasets...
2020-03-12 22:49:32,788:INFO: Done
2020-03-12 22:49:32,810:INFO: Starting training for 10 epoch(s)
2020-03-12 22:49:32,810:INFO: Epoch 1/10
2020-03-12 22:52:01,918:INFO: Loading the datasets...
2020-03-12 22:52:01,919:INFO: Done
2020-03-12 22:52:01,941:INFO: Starting training for 10 epoch(s)
2020-03-12 22:52:01,942:INFO: Epoch 1/10
2020-03-12 22:52:20,938:INFO: - Train loss: 0.7330618500709534
2020-03-12 22:52:20,943:INFO: Epoch 2/10
2020-03-12 22:52:40,980:INFO: - Train loss: 0.708118736743927
2020-03-12 22:52:40,984:INFO: Epoch 3/10
2020-03-12 22:53:00,130:INFO: - Train loss: 0.6778355638186137
2020-03-12 22:53:00,133:INFO: Epoch 4/10
2020-03-12 22:53:21,700:INFO: - Train loss: 0.668830931186676
2020-03-12 22:53:21,704:INFO: Epoch 5/10
2020-03-12 22:53:42,243:INFO: - Train loss: 0.6606417099634806
2020-03-12 22:53:42,247:INFO: Epoch 6/10
2020-03-12 22:54:04,143:INFO: - Train loss: 0.6441426873207092
2020-03-12 22:54:04,147:INFO: Epoch 7/10
2020-03-12 22:54:24,791:INFO: - Train loss: 0.6164089242617289
2020-03-12 22:54:24,795:INFO: Epoch 8/10
2020-03-12 22:54:44,667:INFO: - Train loss: 0.6282206376393636
2020-03-12 22:54:44,670:INFO: Epoch 9/10
2020-03-12 22:55:04,312:INFO: - Train loss: 0.6201465725898743
2020-03-12 22:55:04,316:INFO: Epoch 10/10
2020-03-12 22:55:23,875:INFO: - Train loss: 0.6225387652715048
2020-03-13 13:49:53,391:INFO: Loading the datasets...
2020-03-13 13:49:53,392:INFO: Done
2020-03-13 13:49:53,424:INFO: Starting training for 10 epoch(s)
2020-03-13 13:49:53,424:INFO: Epoch 1/10
2020-03-13 13:50:14,252:INFO: - Train loss: 0.7330618500709534
2020-03-13 13:50:14,256:INFO: Epoch 2/10
2020-03-13 13:50:30,279:INFO: Loading the datasets...
2020-03-13 13:50:30,280:INFO: Done
2020-03-13 13:50:30,303:INFO: Starting training for 10 epoch(s)
2020-03-13 13:50:30,303:INFO: Epoch 1/10
2020-03-13 13:50:48,500:INFO: - Train loss: 0.7210786819458008
2020-03-13 13:50:48,503:INFO: Epoch 2/10
2020-03-13 14:01:42,895:INFO: Loading the datasets...
2020-03-13 14:01:42,898:INFO: Done
2020-03-13 14:01:42,920:INFO: Starting training for 10 epoch(s)
2020-03-13 14:01:42,920:INFO: Epoch 1/10
2020-03-13 14:01:56,094:INFO: Loading the datasets...
2020-03-13 14:01:56,095:INFO: Done
2020-03-13 14:01:56,117:INFO: Starting training for 10 epoch(s)
2020-03-13 14:01:56,118:INFO: Epoch 1/10
2020-03-13 14:04:51,346:INFO: Loading the datasets...
2020-03-13 14:04:51,347:INFO: Done
2020-03-13 14:04:51,369:INFO: Starting training for 10 epoch(s)
2020-03-13 14:04:51,369:INFO: Epoch 1/10
2020-03-13 14:05:52,935:INFO: Loading the datasets...
2020-03-13 14:05:52,936:INFO: Done
2020-03-13 14:05:52,957:INFO: Starting training for 10 epoch(s)
2020-03-13 14:05:52,957:INFO: Epoch 1/10
2020-03-13 14:06:51,969:INFO: Loading the datasets...
2020-03-13 14:06:51,970:INFO: Done
2020-03-13 14:06:51,992:INFO: Starting training for 10 epoch(s)
2020-03-13 14:06:51,992:INFO: Epoch 1/10
2020-03-13 14:07:17,172:INFO: Loading the datasets...
2020-03-13 14:07:17,172:INFO: Done
2020-03-13 14:07:17,194:INFO: Starting training for 10 epoch(s)
2020-03-13 14:07:17,194:INFO: Epoch 1/10
2020-03-13 14:08:17,807:INFO: Loading the datasets...
2020-03-13 14:08:17,808:INFO: Done
2020-03-13 14:08:17,828:INFO: Starting training for 10 epoch(s)
2020-03-13 14:08:17,828:INFO: Epoch 1/10
2020-03-13 14:10:07,459:INFO: Loading the datasets...
2020-03-13 14:10:07,460:INFO: Done
2020-03-13 14:10:07,483:INFO: Starting training for 10 epoch(s)
2020-03-13 14:10:07,483:INFO: Epoch 1/10
2020-03-13 14:11:50,018:INFO: Loading the datasets...
2020-03-13 14:11:50,018:INFO: Done
2020-03-13 14:11:50,040:INFO: Starting training for 10 epoch(s)
2020-03-13 14:11:50,040:INFO: Epoch 1/10
2020-03-13 14:12:15,854:INFO: Loading the datasets...
2020-03-13 14:12:15,855:INFO: Done
2020-03-13 14:12:15,879:INFO: Starting training for 10 epoch(s)
2020-03-13 14:12:15,879:INFO: Epoch 1/10
2020-03-13 14:12:55,530:INFO: Loading the datasets...
2020-03-13 14:12:55,530:INFO: Done
2020-03-13 14:12:55,552:INFO: Starting training for 10 epoch(s)
2020-03-13 14:12:55,552:INFO: Epoch 1/10
2020-03-13 14:13:29,308:INFO: Loading the datasets...
2020-03-13 14:13:29,309:INFO: Done
2020-03-13 14:13:29,334:INFO: Starting training for 10 epoch(s)
2020-03-13 14:13:29,334:INFO: Epoch 1/10
2020-03-13 14:14:20,987:INFO: Loading the datasets...
2020-03-13 14:14:20,988:INFO: Done
2020-03-13 14:14:21,009:INFO: Starting training for 10 epoch(s)
2020-03-13 14:14:21,010:INFO: Epoch 1/10
2020-03-13 14:17:10,256:INFO: Loading the datasets...
2020-03-13 14:17:10,256:INFO: Done
2020-03-13 14:17:10,278:INFO: Starting training for 10 epoch(s)
2020-03-13 14:17:10,278:INFO: Epoch 1/10
2020-03-13 14:18:36,498:INFO: Loading the datasets...
2020-03-13 14:18:36,499:INFO: Done
2020-03-13 14:18:36,521:INFO: Starting training for 10 epoch(s)
2020-03-13 14:18:36,521:INFO: Epoch 1/10
2020-03-13 14:18:54,088:INFO: - Train loss: 0.7210786819458008
2020-03-13 14:18:54,092:INFO: Epoch 2/10
2020-03-13 14:19:11,671:INFO: - Train loss: 0.6753457427024842
2020-03-13 14:19:11,674:INFO: Epoch 3/10
2020-03-13 14:19:29,313:INFO: - Train loss: 0.6569482564926148
2020-03-13 14:19:29,317:INFO: Epoch 4/10
2020-03-13 14:19:47,488:INFO: - Train loss: 0.6562769889831543
2020-03-13 14:19:47,492:INFO: Epoch 5/10
2020-03-13 14:20:06,338:INFO: - Train loss: 0.6208656430244446
2020-03-13 14:20:06,342:INFO: Epoch 6/10
2020-03-13 14:20:25,049:INFO: - Train loss: 0.6083906769752503
2020-03-13 14:20:25,053:INFO: Epoch 7/10
2020-03-13 14:20:43,556:INFO: - Train loss: 0.6135714769363403
2020-03-13 14:20:43,559:INFO: Epoch 8/10
2020-03-13 14:21:02,532:INFO: - Train loss: 0.6071538686752319
2020-03-13 14:21:02,536:INFO: Epoch 9/10
2020-03-13 14:21:21,943:INFO: - Train loss: 0.605750834941864
2020-03-13 14:21:21,946:INFO: Epoch 10/10
2020-03-13 14:21:40,958:INFO: - Train loss: 0.5852537512779236
